d:\visual studio projects\nclgl\nclgl\debug\vc120.pdb
d:\visual studio projects\nclgl\nclgl\debug\vc120.idb
d:\visual studio projects\nclgl\nclgl\debug\camera.obj
d:\visual studio projects\nclgl\nclgl\debug\frustum.obj
d:\visual studio projects\nclgl\nclgl\debug\gametimer.obj
d:\visual studio projects\nclgl\nclgl\debug\heightmap.obj
d:\visual studio projects\nclgl\nclgl\debug\keyboard.obj
d:\visual studio projects\nclgl\nclgl\debug\light.obj
d:\visual studio projects\nclgl\nclgl\debug\matrix4.obj
d:\visual studio projects\nclgl\nclgl\debug\md5anim.obj
d:\visual studio projects\nclgl\nclgl\debug\md5mesh.obj
d:\visual studio projects\nclgl\nclgl\debug\mesh.obj
d:\visual studio projects\nclgl\nclgl\debug\mouse.obj
d:\visual studio projects\nclgl\nclgl\debug\objmesh.obj
d:\visual studio projects\nclgl\nclgl\debug\oglrenderer.obj
d:\visual studio projects\nclgl\nclgl\debug\plane.obj
d:\visual studio projects\nclgl\nclgl\debug\quaternion.obj
d:\visual studio projects\nclgl\nclgl\debug\scenenode.obj
d:\visual studio projects\nclgl\nclgl\debug\shader.obj
d:\visual studio projects\nclgl\nclgl\debug\textmesh.obj
d:\visual studio projects\nclgl\nclgl\debug\window.obj
d:\visual studio projects\nclgl\nclgl_lib\debug\nclgl.lib
d:\visual studio projects\nclgl\nclgl\..\nclgl_lib\debug\nclgl.lib
d:\visual studio projects\nclgl\nclgl\debug\nclgl.tlog\cl.command.1.tlog
d:\visual studio projects\nclgl\nclgl\debug\nclgl.tlog\cl.read.1.tlog
d:\visual studio projects\nclgl\nclgl\debug\nclgl.tlog\cl.write.1.tlog
d:\visual studio projects\nclgl\nclgl\debug\nclgl.tlog\lib-link.read.1.tlog
d:\visual studio projects\nclgl\nclgl\debug\nclgl.tlog\lib-link.write.1.tlog
d:\visual studio projects\nclgl\nclgl\debug\nclgl.tlog\lib.command.1.tlog
