Build started 04/07/2016 23:15:09.
     1>Project "D:\University Work\Visual Studio Projects\GraphicsCoursework_source\NCLGL\nclgl\nclgl.vcxproj" on node 2 (Build target(s)).
     1>ClCompile:
         C:\Program Files (x86)\Microsoft Visual Studio 12.0\VC\bin\CL.exe /c /ZI /nologo /W3 /WX- /Od /Oy- /D _DEBUG /D _MBCS /Gm /EHsc /RTC1 /MDd /GS /fp:precise /Zc:wchar_t /Zc:forScope /Fo"Debug\\" /Fd"Debug\vc120.pdb" /Gd /TP /analyze- /errorReport:prompt SceneNode.cpp
         SceneNode.cpp
       Lib:
         C:\Program Files (x86)\Microsoft Visual Studio 12.0\VC\bin\Lib.exe /OUT:"..\nclGL_Lib\Debug\nclgl.lib" /NOLOGO Debug\Camera.obj
         Debug\Frustum.obj
         Debug\GameTimer.obj
         Debug\HeightMap.obj
         Debug\Keyboard.obj
         Debug\Light.obj
         Debug\Matrix4.obj
         Debug\MD5Anim.obj
         Debug\MD5Mesh.obj
         Debug\Mesh.obj
         Debug\Mouse.obj
         Debug\OBJMesh.obj
         Debug\OGLRenderer.obj
         Debug\Plane.obj
         Debug\Quaternion.obj
         Debug\SceneNode.obj
         Debug\Shader.obj
         Debug\TextMesh.obj
         Debug\Window.obj
         nclgl.vcxproj -> D:\University Work\Visual Studio Projects\GraphicsCoursework_source\NCLGL\nclgl\..\nclGL_Lib\Debug\nclgl.lib
     1>Done Building Project "D:\University Work\Visual Studio Projects\GraphicsCoursework_source\NCLGL\nclgl\nclgl.vcxproj" (Build target(s)).

Build succeeded.

Time Elapsed 00:00:01.28
