Build started 28/02/2016 22:30:51.
     1>Project "D:\University Work\Visual Studio Projects\GraphicsCoursework_source\NCLGL\SOIL\SOIL\SOIL.vcxproj" on node 2 (Rebuild target(s)).
     1>ClCompile:
         C:\Program Files (x86)\Microsoft Visual Studio 12.0\VC\bin\CL.exe /c /Zi /nologo /W3 /WX- /O2 /Oy- /GL /D WIN32 /D NDEBUG /D _LIB /D _UNICODE /D UNICODE /Gm- /EHsc /MD /GS /fp:precise /Zc:wchar_t /Zc:forScope /Fo"Release\\" /Fd"Release\vc120.pdb" /Gd /TC /analyze- /errorReport:prompt image_DXT.c image_helper.c SOIL.c stb_image_aug.c
         image_DXT.c
     1>image_DXT.c(92): warning C4996: 'fopen': This function or variable may be unsafe. Consider using fopen_s instead. To disable deprecation, use _CRT_SECURE_NO_WARNINGS. See online help for details.
                 C:\Program Files (x86)\Microsoft Visual Studio 12.0\VC\include\stdio.h(211) : see declaration of 'fopen'
         image_helper.c
     1>image_helper.c(325): warning C4244: 'initializing' : conversion from 'double' to 'float', possible loss of data
     1>image_helper.c(366): warning C4244: '=' : conversion from 'double' to 'float', possible loss of data
     1>image_helper.c(373): warning C4244: '=' : conversion from 'float' to 'int', possible loss of data
     1>image_helper.c(415): warning C4244: '=' : conversion from 'double' to 'float', possible loss of data
     1>image_helper.c(422): warning C4244: '=' : conversion from 'float' to 'int', possible loss of data
         SOIL.c
     1>SOIL.c(1719): warning C4018: '<=' : signed/unsigned mismatch
     1>SOIL.c(1729): warning C4018: '<' : signed/unsigned mismatch
     1>SOIL.c(1841): warning C4996: 'fopen': This function or variable may be unsafe. Consider using fopen_s instead. To disable deprecation, use _CRT_SECURE_NO_WARNINGS. See online help for details.
                 C:\Program Files (x86)\Microsoft Visual Studio 12.0\VC\include\stdio.h(211) : see declaration of 'fopen'
         stb_image_aug.c
     1>stb_image_aug.c(177): warning C4996: 'fopen': This function or variable may be unsafe. Consider using fopen_s instead. To disable deprecation, use _CRT_SECURE_NO_WARNINGS. See online help for details.
                 C:\Program Files (x86)\Microsoft Visual Studio 12.0\VC\include\stdio.h(211) : see declaration of 'fopen'
     1>stb_image_aug.c(251): warning C4996: 'fopen': This function or variable may be unsafe. Consider using fopen_s instead. To disable deprecation, use _CRT_SECURE_NO_WARNINGS. See online help for details.
                 C:\Program Files (x86)\Microsoft Visual Studio 12.0\VC\include\stdio.h(211) : see declaration of 'fopen'
     1>stb_image_aug.c(303): warning C4996: 'fopen': This function or variable may be unsafe. Consider using fopen_s instead. To disable deprecation, use _CRT_SECURE_NO_WARNINGS. See online help for details.
                 C:\Program Files (x86)\Microsoft Visual Studio 12.0\VC\include\stdio.h(211) : see declaration of 'fopen'
     1>stb_image_aug.c(1469): warning C4138: '*/' found outside of comment
     1>stb_image_aug.c(1471): error C2146: syntax error : missing ';' before identifier 'res_comp'
     1>stb_image_aug.c(1471): error C2065: 'res_comp' : undeclared identifier
     1>stb_image_aug.c(1471): error C2109: subscript requires array or pointer type
     1>stb_image_aug.c(1474): error C2065: 'r' : undeclared identifier
     1>stb_image_aug.c(1474): error C2296: '*' : illegal, left operand has type 'uint8 *'
     1>stb_image_aug.c(1474): error C2065: 'res_comp' : undeclared identifier
     1>stb_image_aug.c(1474): error C2109: subscript requires array or pointer type
     1>stb_image_aug.c(1481): error C2065: 'r' : undeclared identifier
     1>stb_image_aug.c(1481): error C2223: left of '->hs' must point to struct/union
     1>stb_image_aug.c(1482): error C2065: 'r' : undeclared identifier
     1>stb_image_aug.c(1482): error C2223: left of '->vs' must point to struct/union
     1>stb_image_aug.c(1483): error C2065: 'r' : undeclared identifier
     1>stb_image_aug.c(1483): error C2223: left of '->ystep' must point to struct/union
     1>stb_image_aug.c(1483): error C2223: left of '->vs' must point to struct/union
     1>stb_image_aug.c(1484): error C2065: 'r' : undeclared identifier
     1>stb_image_aug.c(1484): error C2223: left of '->w_lores' must point to struct/union
     1>stb_image_aug.c(1484): error C2223: left of '->hs' must point to struct/union
     1>stb_image_aug.c(1485): error C2065: 'r' : undeclared identifier
     1>stb_image_aug.c(1485): error C2223: left of '->ypos' must point to struct/union
     1>stb_image_aug.c(1486): error C2065: 'r' : undeclared identifier
     1>stb_image_aug.c(1486): error C2223: left of '->line0' must point to struct/union
     1>stb_image_aug.c(1486): error C2223: left of '->line1' must point to struct/union
     1>stb_image_aug.c(1488): error C2065: 'r' : undeclared identifier
     1>stb_image_aug.c(1488): error C2223: left of '->hs' must point to struct/union
     1>stb_image_aug.c(1488): error C2223: left of '->vs' must point to struct/union
     1>stb_image_aug.c(1488): error C2223: left of '->resample' must point to struct/union
     1>stb_image_aug.c(1489): error C2065: 'r' : undeclared identifier
     1>stb_image_aug.c(1489): error C2223: left of '->hs' must point to struct/union
     1>stb_image_aug.c(1489): error C2223: left of '->vs' must point to struct/union
     1>stb_image_aug.c(1489): error C2223: left of '->resample' must point to struct/union
     1>stb_image_aug.c(1490): error C2065: 'r' : undeclared identifier
     1>stb_image_aug.c(1490): error C2223: left of '->hs' must point to struct/union
     1>stb_image_aug.c(1490): error C2223: left of '->vs' must point to struct/union
     1>stb_image_aug.c(1490): error C2223: left of '->resample' must point to struct/union
     1>stb_image_aug.c(1491): error C2065: 'r' : undeclared identifier
     1>stb_image_aug.c(1491): error C2223: left of '->hs' must point to struct/union
     1>stb_image_aug.c(1491): error C2223: left of '->vs' must point to struct/union
     1>stb_image_aug.c(1491): error C2223: left of '->resample' must point to struct/union
     1>stb_image_aug.c(1492): error C2065: 'r' : undeclared identifier
     1>stb_image_aug.c(1492): error C2223: left of '->resample' must point to struct/union
     1>stb_image_aug.c(1503): error C2065: 'r' : undeclared identifier
     1>stb_image_aug.c(1503): error C2296: '*' : illegal, left operand has type 'uint8 *'
     1>stb_image_aug.c(1503): error C2065: 'res_comp' : undeclared identifier
     1>stb_image_aug.c(1503): error C2109: subscript requires array or pointer type
     1>stb_image_aug.c(1504): error C2065: 'r' : undeclared identifier
     1>stb_image_aug.c(1504): error C2223: left of '->ystep' must point to struct/union
     1>stb_image_aug.c(1504): error C2223: left of '->vs' must point to struct/union
     1>stb_image_aug.c(1506): error C2065: 'r' : undeclared identifier
     1>stb_image_aug.c(1506): error C2223: left of '->line1' must point to struct/union
     1>stb_image_aug.c(1506): error C2223: left of '->line0' must point to struct/union
     1>stb_image_aug.c(1506): fatal error C1903: unable to recover from previous error(s); stopping compilation
     1>Done Building Project "D:\University Work\Visual Studio Projects\GraphicsCoursework_source\NCLGL\SOIL\SOIL\SOIL.vcxproj" (Rebuild target(s)) -- FAILED.

Build FAILED.

Time Elapsed 00:00:00.40
