d:\visual studio projects\nclgl\graphics coursework\debug\vc120.pdb
d:\visual studio projects\nclgl\graphics coursework\debug\vc120.idb
d:\visual studio projects\nclgl\graphics coursework\debug\envlight.obj
d:\visual studio projects\nclgl\graphics coursework\debug\heightmapnode.obj
d:\visual studio projects\nclgl\graphics coursework\debug\lakenode.obj
d:\visual studio projects\nclgl\graphics coursework\debug\main.obj
d:\visual studio projects\nclgl\graphics coursework\debug\particleemitter.obj
d:\visual studio projects\nclgl\graphics coursework\debug\policebox.obj
d:\visual studio projects\nclgl\graphics coursework\debug\renderer.obj
d:\visual studio projects\nclgl\graphics coursework\debug\skyboxnode.obj
d:\visual studio projects\nclgl\graphics coursework\debug\ui.obj
d:\visual studio projects\nclgl\graphics coursework\debug\graphicscoursework.ilk
d:\visual studio projects\nclgl\graphics coursework\debug\graphicscoursework.exe
d:\visual studio projects\nclgl\graphics coursework\debug\graphicscoursework.pdb
d:\visual studio projects\nclgl\graphics coursework\debug\graphics.909a2cfc.tlog\cl.command.1.tlog
d:\visual studio projects\nclgl\graphics coursework\debug\graphics.909a2cfc.tlog\cl.read.1.tlog
d:\visual studio projects\nclgl\graphics coursework\debug\graphics.909a2cfc.tlog\cl.write.1.tlog
d:\visual studio projects\nclgl\graphics coursework\debug\graphics.909a2cfc.tlog\link.command.1.tlog
d:\visual studio projects\nclgl\graphics coursework\debug\graphics.909a2cfc.tlog\link.read.1.tlog
d:\visual studio projects\nclgl\graphics coursework\debug\graphics.909a2cfc.tlog\link.write.1.tlog
