Build started 04/07/2016 23:15:10.
     1>Project "D:\University Work\Visual Studio Projects\GraphicsCoursework_source\NCLGL\Graphics Coursework\GraphicsCoursework.vcxproj" on node 2 (Build target(s)).
     1>ClCompile:
         C:\Program Files (x86)\Microsoft Visual Studio 12.0\VC\bin\CL.exe /c /ZI /nologo /W3 /WX- /Od /Oy- /D _MBCS /Gm /EHsc /RTC1 /MDd /GS /fp:precise /Zc:wchar_t /Zc:forScope /Fo"Debug\\" /Fd"Debug\vc120.pdb" /Gd /TP /analyze- /errorReport:prompt PoliceBox.cpp
         PoliceBox.cpp
       Link:
         C:\Program Files (x86)\Microsoft Visual Studio 12.0\VC\bin\link.exe /ERRORREPORT:PROMPT /OUT:"D:\University Work\Visual Studio Projects\GraphicsCoursework_source\NCLGL\Graphics Coursework\Debug\GraphicsCoursework.exe" /INCREMENTAL /NOLOGO kernel32.lib user32.lib gdi32.lib winspool.lib comdlg32.lib advapi32.lib shell32.lib ole32.lib oleaut32.lib uuid.lib odbc32.lib odbccp32.lib /MANIFEST /MANIFESTUAC:"level='asInvoker' uiAccess='false'" /manifest:embed /DEBUG /PDB:"D:\University Work\Visual Studio Projects\GraphicsCoursework_source\NCLGL\Graphics Coursework\Debug\GraphicsCoursework.pdb" /TLBID:1 /DYNAMICBASE /NXCOMPAT /IMPLIB:"D:\University Work\Visual Studio Projects\GraphicsCoursework_source\NCLGL\Graphics Coursework\Debug\GraphicsCoursework.lib" /MACHINE:X86 Debug\EnvLight.obj
         Debug\HeightMapNode.obj
         Debug\LakeNode.obj
         Debug\main.obj
         Debug\ParticleEmitter.obj
         Debug\PoliceBox.obj
         Debug\Renderer.obj
         Debug\SkyBoxNode.obj
         Debug\UI.obj
         "D:\University Work\Visual Studio Projects\GraphicsCoursework_source\NCLGL\nclGL_Lib\Debug\nclgl.lib"
     1>SOIL.lib(image_DXT.obj) : warning LNK4099: PDB 'vc100.pdb' was not found with 'SOIL.lib(image_DXT.obj)' or at 'D:\University Work\Visual Studio Projects\GraphicsCoursework_source\NCLGL\Graphics Coursework\Debug\vc100.pdb'; linking object as if no debug info
     1>SOIL.lib(image_helper.obj) : warning LNK4099: PDB 'vc100.pdb' was not found with 'SOIL.lib(image_helper.obj)' or at 'D:\University Work\Visual Studio Projects\GraphicsCoursework_source\NCLGL\Graphics Coursework\Debug\vc100.pdb'; linking object as if no debug info
     1>SOIL.lib(SOIL.obj) : warning LNK4099: PDB 'vc100.pdb' was not found with 'SOIL.lib(SOIL.obj)' or at 'D:\University Work\Visual Studio Projects\GraphicsCoursework_source\NCLGL\Graphics Coursework\Debug\vc100.pdb'; linking object as if no debug info
     1>SOIL.lib(stb_image_aug.obj) : warning LNK4099: PDB 'vc100.pdb' was not found with 'SOIL.lib(stb_image_aug.obj)' or at 'D:\University Work\Visual Studio Projects\GraphicsCoursework_source\NCLGL\Graphics Coursework\Debug\vc100.pdb'; linking object as if no debug info
         GraphicsCoursework.vcxproj -> D:\University Work\Visual Studio Projects\GraphicsCoursework_source\NCLGL\Graphics Coursework\Debug\GraphicsCoursework.exe
     1>Done Building Project "D:\University Work\Visual Studio Projects\GraphicsCoursework_source\NCLGL\Graphics Coursework\GraphicsCoursework.vcxproj" (Build target(s)).

Build succeeded.

Time Elapsed 00:00:01.27
