Build started 05/07/2016 21:11:14.
     1>Project "D:\University Work\Visual Studio Projects\GraphicsCoursework_source\NCLGL\Graphics Coursework\GraphicsCoursework.vcxproj" on node 2 (Build target(s)).
     1>ClCompile:
         C:\Program Files (x86)\Microsoft Visual Studio 12.0\VC\bin\CL.exe /c /Zi /nologo /W3 /WX- /O2 /Oi /Oy- /GL /D _MBCS /Gm- /EHsc /MD /GS /Gy /fp:precise /Zc:wchar_t /Zc:forScope /Fo"Release\\" /Fd"Release\vc120.pdb" /Gd /TP /analyze- /errorReport:prompt DemoScene.cpp
         DemoScene.cpp
     1>DemoScene.cpp(16): error C2065: 'shaderProgs' : undeclared identifier
     1>DemoScene.cpp(16): error C2065: 'LIGHT_SHADER' : undeclared identifier
     1>DemoScene.cpp(16): error C2664: 'EnvLight::EnvLight(const EnvLight &)' : cannot convert argument 1 from 'Vector3' to 'const EnvLight &'
                 Reason: cannot convert from 'Vector3' to 'const EnvLight'
                 No user-defined-conversion operator available that can perform this conversion, or the operator cannot be called
     1>DemoScene.cpp(17): error C2065: 'sceneNodes' : undeclared identifier
     1>DemoScene.cpp(17): error C2065: 'SKYBOX' : undeclared identifier
     1>DemoScene.cpp(17): error C2227: left of '->getTextureID' must point to class/struct/union/generic type
     1>DemoScene.cpp(17): error C2065: 'ENV_LIGHT' : undeclared identifier
     1>DemoScene.cpp(17): error C2227: left of '->getEnvLight' must point to class/struct/union/generic type
     1>DemoScene.cpp(17): error C2661: 'LakeNode::LakeNode' : no overloaded function takes 2 arguments
     1>DemoScene.cpp(17): error C2143: syntax error : missing ')' before ';'
     1>DemoScene.cpp(17): error C2059: syntax error : ')'
     1>DemoScene.cpp(18): error C2065: 'sceneNodes' : undeclared identifier
     1>DemoScene.cpp(18): error C2065: 'HEIGHTMAP' : undeclared identifier
     1>DemoScene.cpp(18): error C2227: left of '->getHMCenter' must point to class/struct/union/generic type
     1>DemoScene.cpp(20): error C2065: 'sceneNodes' : undeclared identifier
     1>DemoScene.cpp(20): error C2065: 'LAKE' : undeclared identifier
     1>DemoScene.cpp(20): error C2065: 'camera' : undeclared identifier
     1>DemoScene.cpp(20): error C2065: 'SKYBOX' : undeclared identifier
     1>DemoScene.cpp(20): error C2227: left of '->getTextureID' must point to class/struct/union/generic type
     1>DemoScene.cpp(20): error C2065: 'ENV_LIGHT' : undeclared identifier
     1>DemoScene.cpp(20): error C2227: left of '->getEnvLight' must point to class/struct/union/generic type
     1>DemoScene.cpp(21): error C2065: 'camera' : undeclared identifier
     1>DemoScene.cpp(21): error C2227: left of '->SetPosition' must point to class/struct/union/generic type
                 type is 'unknown-type'
     1>Done Building Project "D:\University Work\Visual Studio Projects\GraphicsCoursework_source\NCLGL\Graphics Coursework\GraphicsCoursework.vcxproj" (Build target(s)) -- FAILED.

Build FAILED.

Time Elapsed 00:00:00.60
