Build started 05/07/2016 21:11:11.
     1>Project "D:\University Work\Visual Studio Projects\GraphicsCoursework_source\NCLGL\nclgl\nclgl.vcxproj" on node 2 (Build target(s)).
     1>ClCompile:
         C:\Program Files (x86)\Microsoft Visual Studio 12.0\VC\bin\CL.exe /c /Zi /nologo /W3 /WX- /O2 /Oi /Oy- /GL /D _MBCS /Gm- /EHsc /MD /GS /Gy /fp:precise /Zc:wchar_t /Zc:forScope /Fo"Release\\" /Fd"Release\vc120.pdb" /Gd /TP /analyze- /errorReport:prompt Scene.cpp
         Scene.cpp
     1>Scene.cpp(17): warning C4018: '<' : signed/unsigned mismatch
     1>Scene.cpp(35): warning C4018: '<' : signed/unsigned mismatch
     1>Scene.cpp(43): warning C4018: '<' : signed/unsigned mismatch
       Lib:
         C:\Program Files (x86)\Microsoft Visual Studio 12.0\VC\bin\Lib.exe /OUT:"D:\University Work\Visual Studio Projects\GraphicsCoursework_source\NCLGL\Graphics Coursework\Release\nclgl.lib" /NOLOGO /LTCG Release\Camera.obj
         Release\Frustum.obj
         Release\GameTimer.obj
         Release\HeightMap.obj
         Release\Keyboard.obj
         Release\Light.obj
         Release\Matrix4.obj
         Release\MD5Anim.obj
         Release\MD5Mesh.obj
         Release\Mesh.obj
         Release\Mouse.obj
         Release\OBJMesh.obj
         Release\OGLRenderer.obj
         Release\Plane.obj
         Release\Quaternion.obj
         Release\Scene.obj
         Release\SceneNode.obj
         Release\Shader.obj
         Release\TextMesh.obj
         Release\Window.obj
         nclgl.vcxproj -> D:\University Work\Visual Studio Projects\GraphicsCoursework_source\NCLGL\Graphics Coursework\Release\nclgl.lib
     1>Done Building Project "D:\University Work\Visual Studio Projects\GraphicsCoursework_source\NCLGL\nclgl\nclgl.vcxproj" (Build target(s)).

Build succeeded.

Time Elapsed 00:00:02.94
