d:\university work\visual studio projects\graphicscoursework_source\nclgl\nclgl\release\vc120.pdb
d:\university work\visual studio projects\graphicscoursework_source\nclgl\nclgl\release\window.obj
d:\university work\visual studio projects\graphicscoursework_source\nclgl\nclgl\release\textmesh.obj
d:\university work\visual studio projects\graphicscoursework_source\nclgl\nclgl\release\shader.obj
d:\university work\visual studio projects\graphicscoursework_source\nclgl\nclgl\release\scenenode.obj
d:\university work\visual studio projects\graphicscoursework_source\nclgl\nclgl\release\quaternion.obj
d:\university work\visual studio projects\graphicscoursework_source\nclgl\nclgl\release\plane.obj
d:\university work\visual studio projects\graphicscoursework_source\nclgl\nclgl\release\oglrenderer.obj
d:\university work\visual studio projects\graphicscoursework_source\nclgl\nclgl\release\objmesh.obj
d:\university work\visual studio projects\graphicscoursework_source\nclgl\nclgl\release\mouse.obj
d:\university work\visual studio projects\graphicscoursework_source\nclgl\nclgl\release\mesh.obj
d:\university work\visual studio projects\graphicscoursework_source\nclgl\nclgl\release\md5mesh.obj
d:\university work\visual studio projects\graphicscoursework_source\nclgl\nclgl\release\md5anim.obj
d:\university work\visual studio projects\graphicscoursework_source\nclgl\nclgl\release\matrix4.obj
d:\university work\visual studio projects\graphicscoursework_source\nclgl\nclgl\release\light.obj
d:\university work\visual studio projects\graphicscoursework_source\nclgl\nclgl\release\keyboard.obj
d:\university work\visual studio projects\graphicscoursework_source\nclgl\nclgl\release\heightmap.obj
d:\university work\visual studio projects\graphicscoursework_source\nclgl\nclgl\release\gametimer.obj
d:\university work\visual studio projects\graphicscoursework_source\nclgl\nclgl\release\frustum.obj
d:\university work\visual studio projects\graphicscoursework_source\nclgl\nclgl\release\camera.obj
d:\university work\visual studio projects\graphicscoursework_source\nclgl\graphics coursework\release\nclgl.lib
d:\university work\visual studio projects\graphicscoursework_source\nclgl\nclgl\release\nclgl.tlog\cl.command.1.tlog
d:\university work\visual studio projects\graphicscoursework_source\nclgl\nclgl\release\nclgl.tlog\cl.read.1.tlog
d:\university work\visual studio projects\graphicscoursework_source\nclgl\nclgl\release\nclgl.tlog\cl.write.1.tlog
d:\university work\visual studio projects\graphicscoursework_source\nclgl\nclgl\release\nclgl.tlog\lib-link.read.1.tlog
d:\university work\visual studio projects\graphicscoursework_source\nclgl\nclgl\release\nclgl.tlog\lib-link.write.1.tlog
d:\university work\visual studio projects\graphicscoursework_source\nclgl\nclgl\release\nclgl.tlog\lib.command.1.tlog
